<?xml version="1.0" encoding="UTF-8"?>
<testng-results ignored="0" total="1" passed="1" failed="0" skipped="0">
  <reporter-output>
  </reporter-output>
  <suite started-at="2025-04-24T21:33:32 IST" name="Default suite" finished-at="2025-04-24T21:33:40 IST" duration-ms="8066">
    <groups>
    </groups>
    <test started-at="2025-04-24T21:33:32 IST" name="Default test" finished-at="2025-04-24T21:33:40 IST" duration-ms="8066">
      <class name="com.qa.testscripts.loginscript">
        <test-method is-config="true" signature="setup(java.lang.String)[pri:0, instance:com.qa.testscripts.loginscript@4082ba93]" started-at="2025-04-24T21:33:32 IST" name="setup" finished-at="2025-04-24T21:33:37 IST" duration-ms="4334" status="PASS">
          <params>
            <param index="0">
              <value>
                <![CDATA[https://www.saucedemo.com/]]>
              </value>
            </param>
          </params>
          <reporter-output>
          </reporter-output>
        </test-method> <!-- setup -->
        <test-method signature="login()[pri:0, instance:com.qa.testscripts.loginscript@4082ba93]" started-at="2025-04-24T21:33:37 IST" name="login" finished-at="2025-04-24T21:33:40 IST" duration-ms="3677" status="PASS">
          <reporter-output>
          </reporter-output>
        </test-method> <!-- login -->
        <test-method is-config="true" signature="tearDown()[pri:0, instance:com.qa.testscripts.loginscript@4082ba93]" started-at="2025-04-24T21:33:40 IST" name="tearDown" finished-at="2025-04-24T21:33:40 IST" duration-ms="0" status="PASS">
          <reporter-output>
          </reporter-output>
        </test-method> <!-- tearDown -->
      </class> <!-- com.qa.testscripts.loginscript -->
    </test> <!-- Default test -->
  </suite> <!-- Default suite -->
</testng-results>
